<?xml version="1.0" encoding="UTF-8"?>
<!-- Generated by org.testng.reporters.JUnitReportReporter -->
<testsuite hostname="BoseFamily" failures="0" tests="1" name="driverFactory.DriverScript" time="19.783" errors="0" timestamp="2023-08-31T18:34:01 IST" skipped="0">
  <testcase classname="driverFactory.DriverScript" name="startTest" time="19.783">
    <system-out>
      <![CDATA[4    14
Admin Login success:adminflow   http://primusbank.qedgetech.com/adminflow.aspx
New Role with id 1230 Created Sucessfully
Admin logout success]]>
    </system-out>
  </testcase> <!-- startTest -->
  <system-out>
    <![CDATA[4    14
Admin Login success:adminflow   http://primusbank.qedgetech.com/adminflow.aspx
New Role with id 1230 Created Sucessfully
Admin logout success]]>
  </system-out>
</testsuite> <!-- driverFactory.DriverScript -->
